# JRE version: OpenJDK Runtime Environment Temurin-21.0.8+9 (21.0.8+9) (build 21.0.8+9-LTS)
# Java VM: OpenJDK 64-Bit Server VM Temurin-21.0.8+9 (21.0.8+9-LTS, mixed mode, sharing, tiered, compressed oops, compressed class ptrs, parallel gc, windows-amd64)
GC Precious Log:
 CardTable entry size: 512
 CPUs: 16 total, 16 available
 Memory: 15775M
 Large Page Support: Disabled
 NUMA Support: Disabled
 Compressed Oops: Enabled (32-bit)
 Alignments: Space 512K, Generation 512K, Heap 2M
 Heap Min Capacity: 100M
 Heap Initial Capacity: 100M
 Heap Max Capacity: 2G
 Pre-touch: Disabled
 Parallel Workers: 13
Heap:
 PSYoungGen      total 15872K, used 12515K [0x00000000d5580000, 0x00000000d6800000, 0x0000000100000000)
  eden space 14848K, 77% used [0x00000000d5580000,0x00000000d60bad00,0x00000000d6400000)
  from space 1024K, 99% used [0x00000000d6680000,0x00000000d677e130,0x00000000d6780000)
  to   space 512K, 0% used [0x00000000d6780000,0x00000000d6780000,0x00000000d6800000)
 ParOldGen       total 68608K, used 47774K [0x0000000080000000, 0x0000000084300000, 0x00000000d5580000)
  object space 68608K, 69% used [0x0000000080000000,0x0000000082ea7aa0,0x0000000084300000)
 Metaspace       used 69681K, committed 71168K, reserved 1114112K
  class space    used 8712K, committed 9344K, reserved 1048576K
GC Heap History (20 events):
Event: 9.955 GC heap before
{Heap before GC invocations=53 (full 3):
 PSYoungGen      total 15872K, used 15371K [0x00000000d5580000, 0x00000000d6a00000, 0x0000000100000000)
  eden space 14848K, 100% used [0x00000000d5580000,0x00000000d6400000,0x00000000d6400000)
  from space 1024K, 51% used [0x00000000d6880000,0x00000000d6902d40,0x00000000d6980000)
  to   space 512K, 0% used [0x00000000d6980000,0x00000000d6980000,0x00000000d6a00000)
 ParOldGen       total 68608K, used 44850K [0x0000000080000000, 0x0000000084300000, 0x00000000d5580000)
  object space 68608K, 65% used [0x0000000080000000,0x0000000082bcc878,0x0000000084300000)
 Metaspace       used 65093K, committed 66432K, reserved 1114112K
  class space    used 8063K, committed 8640K, reserved 1048576K
}
Event: 9.956 GC heap after
{Heap after GC invocations=53 (full 3):
 PSYoungGen      total 15360K, used 492K [0x00000000d5580000, 0x00000000d6a00000, 0x0000000100000000)
  eden space 14848K, 0% used [0x00000000d5580000,0x00000000d5580000,0x00000000d6400000)
  from space 512K, 96% used [0x00000000d6980000,0x00000000d69fb010,0x00000000d6a00000)
  to   space 1536K, 0% used [0x00000000d6700000,0x00000000d6700000,0x00000000d6880000)
 ParOldGen       total 68608K, used 45654K [0x0000000080000000, 0x0000000084300000, 0x00000000d5580000)
  object space 68608K, 66% used [0x0000000080000000,0x0000000082c95b58,0x0000000084300000)
 Metaspace       used 65093K, committed 66432K, reserved 1114112K
  class space    used 8063K, committed 8640K, reserved 1048576K
}
Event: 10.100 GC heap before
{Heap before GC invocations=54 (full 3):
 PSYoungGen      total 15360K, used 15340K [0x00000000d5580000, 0x00000000d6a00000, 0x0000000100000000)
  eden space 14848K, 100% used [0x00000000d5580000,0x00000000d6400000,0x00000000d6400000)
  from space 512K, 96% used [0x00000000d6980000,0x00000000d69fb010,0x00000000d6a00000)
  to   space 1536K, 0% used [0x00000000d6700000,0x00000000d6700000,0x00000000d6880000)
 ParOldGen       total 68608K, used 45654K [0x0000000080000000, 0x0000000084300000, 0x00000000d5580000)
  object space 68608K, 66% used [0x0000000080000000,0x0000000082c95b58,0x0000000084300000)
 Metaspace       used 65093K, committed 66432K, reserved 1114112K
  class space    used 8063K, committed 8640K, reserved 1048576K
}
Event: 10.101 GC heap after
{Heap after GC invocations=54 (full 3):
 PSYoungGen      total 16384K, used 426K [0x00000000d5580000, 0x00000000d6a00000, 0x0000000100000000)
  eden space 14848K, 0% used [0x00000000d5580000,0x00000000d5580000,0x00000000d6400000)
  from space 1536K, 27% used [0x00000000d6700000,0x00000000d676a9a0,0x00000000d6880000)
  to   space 1024K, 0% used [0x00000000d6900000,0x00000000d6900000,0x00000000d6a00000)
 ParOldGen       total 68608K, used 45710K [0x0000000080000000, 0x0000000084300000, 0x00000000d5580000)
  object space 68608K, 66% used [0x0000000080000000,0x0000000082ca3b58,0x0000000084300000)
 Metaspace       used 65093K, committed 66432K, reserved 1114112K
  class space    used 8063K, committed 8640K, reserved 1048576K
}
Event: 10.212 GC heap before
{Heap before GC invocations=55 (full 3):
 PSYoungGen      total 16384K, used 15274K [0x00000000d5580000, 0x00000000d6a00000, 0x0000000100000000)
  eden space 14848K, 100% used [0x00000000d5580000,0x00000000d6400000,0x00000000d6400000)
  from space 1536K, 27% used [0x00000000d6700000,0x00000000d676a9a0,0x00000000d6880000)
  to   space 1024K, 0% used [0x00000000d6900000,0x00000000d6900000,0x00000000d6a00000)
 ParOldGen       total 68608K, used 45710K [0x0000000080000000, 0x0000000084300000, 0x00000000d5580000)
  object space 68608K, 66% used [0x0000000080000000,0x0000000082ca3b58,0x0000000084300000)
 Metaspace       used 65093K, committed 66432K, reserved 1114112K
  class space    used 8063K, committed 8640K, reserved 1048576K
}
Event: 10.213 GC heap after
{Heap after GC invocations=55 (full 3):
 PSYoungGen      total 15872K, used 1006K [0x00000000d5580000, 0x00000000d6a00000, 0x0000000100000000)
  eden space 14848K, 0% used [0x00000000d5580000,0x00000000d5580000,0x00000000d6400000)
  from space 1024K, 98% used [0x00000000d6900000,0x00000000d69fbb98,0x00000000d6a00000)
  to   space 1536K, 0% used [0x00000000d6700000,0x00000000d6700000,0x00000000d6880000)
 ParOldGen       total 68608K, used 45965K [0x0000000080000000, 0x0000000084300000, 0x00000000d5580000)
  object space 68608K, 66% used [0x0000000080000000,0x0000000082ce3430,0x0000000084300000)
 Metaspace       used 65093K, committed 66432K, reserved 1114112K
  class space    used 8063K, committed 8640K, reserved 1048576K
}
Event: 10.358 GC heap before
{Heap before GC invocations=56 (full 3):
 PSYoungGen      total 15872K, used 15854K [0x00000000d5580000, 0x00000000d6a00000, 0x0000000100000000)
  eden space 14848K, 100% used [0x00000000d5580000,0x00000000d6400000,0x00000000d6400000)
  from space 1024K, 98% used [0x00000000d6900000,0x00000000d69fbb98,0x00000000d6a00000)
  to   space 1536K, 0% used [0x00000000d6700000,0x00000000d6700000,0x00000000d6880000)
 ParOldGen       total 68608K, used 45965K [0x0000000080000000, 0x0000000084300000, 0x00000000d5580000)
  object space 68608K, 66% used [0x0000000080000000,0x0000000082ce3430,0x0000000084300000)
 Metaspace       used 65093K, committed 66432K, reserved 1114112K
  class space    used 8063K, committed 8640K, reserved 1048576K
}
Event: 10.359 GC heap after
{Heap after GC invocations=56 (full 3):
 PSYoungGen      total 16384K, used 1134K [0x00000000d5580000, 0x00000000d6980000, 0x0000000100000000)
  eden space 14848K, 0% used [0x00000000d5580000,0x00000000d5580000,0x00000000d6400000)
  from space 1536K, 73% used [0x00000000d6700000,0x00000000d681ba38,0x00000000d6880000)
  to   space 1024K, 0% used [0x00000000d6880000,0x00000000d6880000,0x00000000d6980000)
 ParOldGen       total 68608K, used 46069K [0x0000000080000000, 0x0000000084300000, 0x00000000d5580000)
  object space 68608K, 67% used [0x0000000080000000,0x0000000082cfd440,0x0000000084300000)
 Metaspace       used 65093K, committed 66432K, reserved 1114112K
  class space    used 8063K, committed 8640K, reserved 1048576K
}
Event: 10.461 GC heap before
{Heap before GC invocations=57 (full 3):
 PSYoungGen      total 16384K, used 15982K [0x00000000d5580000, 0x00000000d6980000, 0x0000000100000000)
  eden space 14848K, 100% used [0x00000000d5580000,0x00000000d6400000,0x00000000d6400000)
  from space 1536K, 73% used [0x00000000d6700000,0x00000000d681ba38,0x00000000d6880000)
  to   space 1024K, 0% used [0x00000000d6880000,0x00000000d6880000,0x00000000d6980000)
 ParOldGen       total 68608K, used 46069K [0x0000000080000000, 0x0000000084300000, 0x00000000d5580000)
  object space 68608K, 67% used [0x0000000080000000,0x0000000082cfd440,0x0000000084300000)
 Metaspace       used 65093K, committed 66432K, reserved 1114112K
  class space    used 8063K, committed 8640K, reserved 1048576K
}
Event: 10.461 GC heap after
{Heap after GC invocations=57 (full 3):
 PSYoungGen      total 15360K, used 352K [0x00000000d5580000, 0x00000000d6900000, 0x0000000100000000)
  eden space 14848K, 0% used [0x00000000d5580000,0x00000000d5580000,0x00000000d6400000)
  from space 512K, 68% used [0x00000000d6880000,0x00000000d68d8000,0x00000000d6900000)
  to   space 1024K, 0% used [0x00000000d6700000,0x00000000d6700000,0x00000000d6800000)
 ParOldGen       total 68608K, used 46141K [0x0000000080000000, 0x0000000084300000, 0x00000000d5580000)
  object space 68608K, 67% used [0x0000000080000000,0x0000000082d0f440,0x0000000084300000)
 Metaspace       used 65093K, committed 66432K, reserved 1114112K
  class space    used 8063K, committed 8640K, reserved 1048576K
}
Event: 10.561 GC heap before
{Heap before GC invocations=58 (full 3):
 PSYoungGen      total 15360K, used 15200K [0x00000000d5580000, 0x00000000d6900000, 0x0000000100000000)
  eden space 14848K, 100% used [0x00000000d5580000,0x00000000d6400000,0x00000000d6400000)
  from space 512K, 68% used [0x00000000d6880000,0x00000000d68d8000,0x00000000d6900000)
  to   space 1024K, 0% used [0x00000000d6700000,0x00000000d6700000,0x00000000d6800000)
 ParOldGen       total 68608K, used 46141K [0x0000000080000000, 0x0000000084300000, 0x00000000d5580000)
  object space 68608K, 67% used [0x0000000080000000,0x0000000082d0f440,0x0000000084300000)
 Metaspace       used 65093K, committed 66432K, reserved 1114112K
  class space    used 8063K, committed 8640K, reserved 1048576K
}
Event: 10.561 GC heap after
{Heap after GC invocations=58 (full 3):
 PSYoungGen      total 15872K, used 1000K [0x00000000d5580000, 0x00000000d6900000, 0x0000000100000000)
  eden space 14848K, 0% used [0x00000000d5580000,0x00000000d5580000,0x00000000d6400000)
  from space 1024K, 97% used [0x00000000d6700000,0x00000000d67fa360,0x00000000d6800000)
  to   space 1024K, 0% used [0x00000000d6800000,0x00000000d6800000,0x00000000d6900000)
 ParOldGen       total 68608K, used 46269K [0x0000000080000000, 0x0000000084300000, 0x00000000d5580000)
  object space 68608K, 67% used [0x0000000080000000,0x0000000082d2f4c0,0x0000000084300000)
 Metaspace       used 65093K, committed 66432K, reserved 1114112K
  class space    used 8063K, committed 8640K, reserved 1048576K
}
Event: 10.686 GC heap before
{Heap before GC invocations=59 (full 3):
 PSYoungGen      total 15872K, used 15848K [0x00000000d5580000, 0x00000000d6900000, 0x0000000100000000)
  eden space 14848K, 100% used [0x00000000d5580000,0x00000000d6400000,0x00000000d6400000)
  from space 1024K, 97% used [0x00000000d6700000,0x00000000d67fa360,0x00000000d6800000)
  to   space 1024K, 0% used [0x00000000d6800000,0x00000000d6800000,0x00000000d6900000)
 ParOldGen       total 68608K, used 46269K [0x0000000080000000, 0x0000000084300000, 0x00000000d5580000)
  object space 68608K, 67% used [0x0000000080000000,0x0000000082d2f4c0,0x0000000084300000)
 Metaspace       used 66148K, committed 67456K, reserved 1114112K
  class space    used 8214K, committed 8768K, reserved 1048576K
}
Event: 10.686 GC heap after
{Heap after GC invocations=59 (full 3):
 PSYoungGen      total 15360K, used 512K [0x00000000d5580000, 0x00000000d6880000, 0x0000000100000000)
  eden space 14848K, 0% used [0x00000000d5580000,0x00000000d5580000,0x00000000d6400000)
  from space 512K, 100% used [0x00000000d6800000,0x00000000d6880000,0x00000000d6880000)
  to   space 1024K, 0% used [0x00000000d6680000,0x00000000d6680000,0x00000000d6780000)
 ParOldGen       total 68608K, used 46349K [0x0000000080000000, 0x0000000084300000, 0x00000000d5580000)
  object space 68608K, 67% used [0x0000000080000000,0x0000000082d434c0,0x0000000084300000)
 Metaspace       used 66148K, committed 67456K, reserved 1114112K
  class space    used 8214K, committed 8768K, reserved 1048576K
}
Event: 11.124 GC heap before
{Heap before GC invocations=60 (full 3):
 PSYoungGen      total 15360K, used 15360K [0x00000000d5580000, 0x00000000d6880000, 0x0000000100000000)
  eden space 14848K, 100% used [0x00000000d5580000,0x00000000d6400000,0x00000000d6400000)
  from space 512K, 100% used [0x00000000d6800000,0x00000000d6880000,0x00000000d6880000)
  to   space 1024K, 0% used [0x00000000d6680000,0x00000000d6680000,0x00000000d6780000)
 ParOldGen       total 68608K, used 46349K [0x0000000080000000, 0x0000000084300000, 0x00000000d5580000)
  object space 68608K, 67% used [0x0000000080000000,0x0000000082d434c0,0x0000000084300000)
 Metaspace       used 67677K, committed 69056K, reserved 1114112K
  class space    used 8464K, committed 9024K, reserved 1048576K
}
Event: 11.125 GC heap after
{Heap after GC invocations=60 (full 3):
 PSYoungGen      total 15872K, used 672K [0x00000000d5580000, 0x00000000d6880000, 0x0000000100000000)
  eden space 14848K, 0% used [0x00000000d5580000,0x00000000d5580000,0x00000000d6400000)
  from space 1024K, 65% used [0x00000000d6680000,0x00000000d6728010,0x00000000d6780000)
  to   space 1024K, 0% used [0x00000000d6780000,0x00000000d6780000,0x00000000d6880000)
 ParOldGen       total 68608K, used 46692K [0x0000000080000000, 0x0000000084300000, 0x00000000d5580000)
  object space 68608K, 68% used [0x0000000080000000,0x0000000082d991e0,0x0000000084300000)
 Metaspace       used 67677K, committed 69056K, reserved 1114112K
  class space    used 8464K, committed 9024K, reserved 1048576K
}
Event: 11.579 GC heap before
{Heap before GC invocations=61 (full 3):
 PSYoungGen      total 15872K, used 15520K [0x00000000d5580000, 0x00000000d6880000, 0x0000000100000000)
  eden space 14848K, 100% used [0x00000000d5580000,0x00000000d6400000,0x00000000d6400000)
  from space 1024K, 65% used [0x00000000d6680000,0x00000000d6728010,0x00000000d6780000)
  to   space 1024K, 0% used [0x00000000d6780000,0x00000000d6780000,0x00000000d6880000)
 ParOldGen       total 68608K, used 46692K [0x0000000080000000, 0x0000000084300000, 0x00000000d5580000)
  object space 68608K, 68% used [0x0000000080000000,0x0000000082d991e0,0x0000000084300000)
 Metaspace       used 68212K, committed 69632K, reserved 1114112K
  class space    used 8527K, committed 9152K, reserved 1048576K
}
Event: 11.579 GC heap after
{Heap after GC invocations=61 (full 3):
 PSYoungGen      total 15872K, used 576K [0x00000000d5580000, 0x00000000d6880000, 0x0000000100000000)
  eden space 14848K, 0% used [0x00000000d5580000,0x00000000d5580000,0x00000000d6400000)
  from space 1024K, 56% used [0x00000000d6780000,0x00000000d6810000,0x00000000d6880000)
  to   space 1024K, 0% used [0x00000000d6680000,0x00000000d6680000,0x00000000d6780000)
 ParOldGen       total 68608K, used 47156K [0x0000000080000000, 0x0000000084300000, 0x00000000d5580000)
  object space 68608K, 68% used [0x0000000080000000,0x0000000082e0d1f0,0x0000000084300000)
 Metaspace       used 68212K, committed 69632K, reserved 1114112K
  class space    used 8527K, committed 9152K, reserved 1048576K
}
Event: 11.866 GC heap before
{Heap before GC invocations=62 (full 3):
 PSYoungGen      total 15872K, used 15424K [0x00000000d5580000, 0x00000000d6880000, 0x0000000100000000)
  eden space 14848K, 100% used [0x00000000d5580000,0x00000000d6400000,0x00000000d6400000)
  from space 1024K, 56% used [0x00000000d6780000,0x00000000d6810000,0x00000000d6880000)
  to   space 1024K, 0% used [0x00000000d6680000,0x00000000d6680000,0x00000000d6780000)
 ParOldGen       total 68608K, used 47156K [0x0000000080000000, 0x0000000084300000, 0x00000000d5580000)
  object space 68608K, 68% used [0x0000000080000000,0x0000000082e0d1f0,0x0000000084300000)
 Metaspace       used 68906K, committed 70336K, reserved 1114112K
  class space    used 8618K, committed 9216K, reserved 1048576K
}
Event: 11.868 GC heap after
{Heap after GC invocations=62 (full 3):
 PSYoungGen      total 15872K, used 1016K [0x00000000d5580000, 0x00000000d6800000, 0x0000000100000000)
  eden space 14848K, 0% used [0x00000000d5580000,0x00000000d5580000,0x00000000d6400000)
  from space 1024K, 99% used [0x00000000d6680000,0x00000000d677e130,0x00000000d6780000)
  to   space 512K, 0% used [0x00000000d6780000,0x00000000d6780000,0x00000000d6800000)
 ParOldGen       total 68608K, used 47774K [0x0000000080000000, 0x0000000084300000, 0x00000000d5580000)
  object space 68608K, 69% used [0x0000000080000000,0x0000000082ea7aa0,0x0000000084300000)
 Metaspace       used 68906K, committed 70336K, reserved 1114112K
  class space    used 8618K, committed 9216K, reserved 1048576K
}

